[INFO ] 2023-01-22 23:32:12.123 [main] BaseClass - Test Started For The Given Features
[INFO ] 2023-01-22 23:32:12.443 [main] BaseClass - Test Started For:POSTDetailsTest
[INFO ] 2023-01-22 23:32:12.488 [main] BaseClass - ************** Started TC001_PostDetailsTest Started *****************
[INFO ] 2023-01-22 23:32:27.173 [main] BaseClass - ** Checking Response Body **
[INFO ] 2023-01-22 23:32:27.264 [main] BaseClass - Response Body ==>{"code":200,"type":"unknown","message":"123"}
[INFO ] 2023-01-22 23:32:27.321 [main] BaseClass - Test Passed:POSTDetailsTest
[INFO ] 2023-01-22 23:32:27.378 [main] BaseClass - Test Started For:checkStatusCode
[INFO ] 2023-01-22 23:32:27.380 [main] BaseClass - ** Checking Status Code **
[INFO ] 2023-01-22 23:32:27.381 [main] BaseClass - Response Status Code ==>200
[INFO ] 2023-01-22 23:32:27.382 [main] BaseClass - Test Passed:checkStatusCode
[INFO ] 2023-01-22 23:32:27.390 [main] BaseClass - Test Started For:checkResponseTime
[INFO ] 2023-01-22 23:32:27.391 [main] BaseClass - ** Checking Response Time **
[INFO ] 2023-01-22 23:32:27.414 [main] BaseClass - Response Time ==>4876
[INFO ] 2023-01-22 23:32:27.415 [main] BaseClass - Test Passed:checkResponseTime
[INFO ] 2023-01-22 23:32:27.422 [main] BaseClass - Test Started For:checkStatusLine
[INFO ] 2023-01-22 23:32:27.423 [main] BaseClass - ** Checking Status Line **
[INFO ] 2023-01-22 23:32:27.424 [main] BaseClass - Response Status Line ==>HTTP/1.1 200 OK
[INFO ] 2023-01-22 23:32:27.425 [main] BaseClass - Test Passed:checkStatusLine
[INFO ] 2023-01-22 23:32:27.434 [main] BaseClass - Test Started For:checkContentType
[INFO ] 2023-01-22 23:32:27.435 [main] BaseClass - ** Checking Content Type **
[INFO ] 2023-01-22 23:32:27.436 [main] BaseClass - Response Content Type ==>application/json
[INFO ] 2023-01-22 23:32:27.437 [main] BaseClass - Test Passed:checkContentType
[INFO ] 2023-01-22 23:32:27.446 [main] BaseClass - Test Started For:checkServer
[INFO ] 2023-01-22 23:32:27.448 [main] BaseClass - ** Checking Server Type **
[INFO ] 2023-01-22 23:32:27.449 [main] BaseClass - Response Server Type ==>Jetty(9.2.9.v20150224)
[INFO ] 2023-01-22 23:32:27.450 [main] BaseClass - Test Passed:checkServer
[INFO ] 2023-01-22 23:32:27.464 [main] BaseClass - Test Started For:GETDetailsTest
[INFO ] 2023-01-22 23:32:27.466 [main] BaseClass - ********** Started TC002_GetDetailsTest **************
[INFO ] 2023-01-22 23:32:34.244 [main] BaseClass - ** Checking Response Body **
[INFO ] 2023-01-22 23:32:34.249 [main] BaseClass - Response Body ==>{"id":123,"username":"Ravi","email":"ravi@gmail.com","password":"12345","phone":"9876543213","userStatus":0}
[INFO ] 2023-01-22 23:32:34.251 [main] BaseClass - Test Passed:GETDetailsTest
[INFO ] 2023-01-22 23:32:34.268 [main] BaseClass - Test Started For:checkStatusCode
[INFO ] 2023-01-22 23:32:34.269 [main] BaseClass - ** Checking Status Code **
[INFO ] 2023-01-22 23:32:34.269 [main] BaseClass - Response Status Code ==>200
[INFO ] 2023-01-22 23:32:34.270 [main] BaseClass - Test Passed:checkStatusCode
[INFO ] 2023-01-22 23:32:34.285 [main] BaseClass - Test Started For:checkResponseTime
[INFO ] 2023-01-22 23:32:34.286 [main] BaseClass - ** Checking Response Time **
[INFO ] 2023-01-22 23:32:34.286 [main] BaseClass - Response Time ==>1748
[INFO ] 2023-01-22 23:32:34.288 [main] BaseClass - Test Passed:checkResponseTime
[INFO ] 2023-01-22 23:32:34.301 [main] BaseClass - Test Started For:checkStatusLine
[INFO ] 2023-01-22 23:32:34.303 [main] BaseClass - ** Checking Status Line **
[INFO ] 2023-01-22 23:32:34.308 [main] BaseClass - Response Status Line ==>HTTP/1.1 200 OK
[INFO ] 2023-01-22 23:32:34.310 [main] BaseClass - Test Passed:checkStatusLine
[INFO ] 2023-01-22 23:32:34.323 [main] BaseClass - Test Started For:checkContentType
[INFO ] 2023-01-22 23:32:34.324 [main] BaseClass - ** Checking Content Type **
[INFO ] 2023-01-22 23:32:34.325 [main] BaseClass - Response Content Type ==>application/json
[INFO ] 2023-01-22 23:32:34.326 [main] BaseClass - Test Passed:checkContentType
[INFO ] 2023-01-22 23:32:34.339 [main] BaseClass - Test Started For:checkServer
[INFO ] 2023-01-22 23:32:34.341 [main] BaseClass - ** Checking Server Type **
[INFO ] 2023-01-22 23:32:34.342 [main] BaseClass - Response Server Type ==>Jetty(9.2.9.v20150224)
[INFO ] 2023-01-22 23:32:34.345 [main] BaseClass - Test Passed:checkServer
[INFO ] 2023-01-22 23:32:34.363 [main] BaseClass - Test Started For:PUTDetailsTest
[INFO ] 2023-01-22 23:32:34.366 [main] BaseClass - ********** Started TC003_PutDetailsTest **************
[INFO ] 2023-01-22 23:32:41.095 [main] BaseClass - ** Checking Response Body **
[INFO ] 2023-01-22 23:32:41.098 [main] BaseClass - Response Body ==>{"code":200,"type":"unknown","message":"123"}
[INFO ] 2023-01-22 23:32:41.099 [main] BaseClass - Test Passed:PUTDetailsTest
[INFO ] 2023-01-22 23:32:41.125 [main] BaseClass - Test Started For:checkStatusCode
[INFO ] 2023-01-22 23:32:41.127 [main] BaseClass - ** Checking Status Code **
[INFO ] 2023-01-22 23:32:41.128 [main] BaseClass - Response Status Code ==>200
[INFO ] 2023-01-22 23:32:41.129 [main] BaseClass - Test Passed:checkStatusCode
[INFO ] 2023-01-22 23:32:41.141 [main] BaseClass - Test Started For:checkResponseTime
[INFO ] 2023-01-22 23:32:41.143 [main] BaseClass - ** Checking Response Time **
[INFO ] 2023-01-22 23:32:41.144 [main] BaseClass - Response Time ==>1703
[INFO ] 2023-01-22 23:32:41.145 [main] BaseClass - Test Passed:checkResponseTime
[INFO ] 2023-01-22 23:32:41.152 [main] BaseClass - Test Started For:checkStatusLine
[INFO ] 2023-01-22 23:32:41.156 [main] BaseClass - ** Checking Status Line **
[INFO ] 2023-01-22 23:32:41.156 [main] BaseClass - Response Status Line ==>HTTP/1.1 200 OK
[INFO ] 2023-01-22 23:32:41.157 [main] BaseClass - Test Passed:checkStatusLine
[INFO ] 2023-01-22 23:32:41.168 [main] BaseClass - Test Started For:checkContentType
[INFO ] 2023-01-22 23:32:41.173 [main] BaseClass - ** Checking Content Type **
[INFO ] 2023-01-22 23:32:41.173 [main] BaseClass - Response Content Type ==>application/json
[INFO ] 2023-01-22 23:32:41.174 [main] BaseClass - Test Passed:checkContentType
[INFO ] 2023-01-22 23:32:41.184 [main] BaseClass - Test Started For:checkServer
[INFO ] 2023-01-22 23:32:41.186 [main] BaseClass - ** Checking Server Type **
[INFO ] 2023-01-22 23:32:41.187 [main] BaseClass - Response Server Type ==>Jetty(9.2.9.v20150224)
[INFO ] 2023-01-22 23:32:41.190 [main] BaseClass - Test Passed:checkServer
[INFO ] 2023-01-22 23:32:41.199 [main] BaseClass - Test Started For:DELETEDetailsTest
[INFO ] 2023-01-22 23:32:41.201 [main] BaseClass - ********** Started TC004_DeleteDetailsTest **************
[INFO ] 2023-01-22 23:32:47.990 [main] BaseClass - ** Checking Response Body **
[INFO ] 2023-01-22 23:32:47.993 [main] BaseClass - Response Body ==>{"code":200,"type":"unknown","message":"Ravi"}
[INFO ] 2023-01-22 23:32:47.996 [main] BaseClass - Test Passed:DELETEDetailsTest
[INFO ] 2023-01-22 23:32:48.027 [main] BaseClass - Test Started For:checkStatusCode
[INFO ] 2023-01-22 23:32:48.029 [main] BaseClass - ** Checking Status Code **
[INFO ] 2023-01-22 23:32:48.030 [main] BaseClass - Response Status Code ==>200
[INFO ] 2023-01-22 23:32:48.031 [main] BaseClass - Test Passed:checkStatusCode
[INFO ] 2023-01-22 23:32:48.044 [main] BaseClass - Test Started For:checkResponseTime
[INFO ] 2023-01-22 23:32:48.047 [main] BaseClass - ** Checking Response Time **
[INFO ] 2023-01-22 23:32:48.047 [main] BaseClass - Response Time ==>1767
[INFO ] 2023-01-22 23:32:48.048 [main] BaseClass - Test Passed:checkResponseTime
[INFO ] 2023-01-22 23:32:48.056 [main] BaseClass - Test Started For:checkStatusLine
[INFO ] 2023-01-22 23:32:48.058 [main] BaseClass - ** Checking Status Line **
[INFO ] 2023-01-22 23:32:48.059 [main] BaseClass - Response Status Line ==>HTTP/1.1 200 OK
[INFO ] 2023-01-22 23:32:48.059 [main] BaseClass - Test Passed:checkStatusLine
[INFO ] 2023-01-22 23:32:48.066 [main] BaseClass - Test Started For:checkContentType
[INFO ] 2023-01-22 23:32:48.071 [main] BaseClass - ** Checking Content Type **
[INFO ] 2023-01-22 23:32:48.072 [main] BaseClass - Response Content Type ==>application/json
[INFO ] 2023-01-22 23:32:48.077 [main] BaseClass - Test Passed:checkContentType
[INFO ] 2023-01-22 23:32:48.095 [main] BaseClass - Test Started For:checkServer
[INFO ] 2023-01-22 23:32:48.096 [main] BaseClass - ** Checking Server Type **
[INFO ] 2023-01-22 23:32:48.097 [main] BaseClass - Response Server Type ==>Jetty(9.2.9.v20150224)
[INFO ] 2023-01-22 23:32:48.098 [main] BaseClass - Test Passed:checkServer
[INFO ] 2023-01-22 23:32:48.120 [main] BaseClass - Test Started For:GETAuthLoginTest
[INFO ] 2023-01-22 23:32:48.122 [main] BaseClass - ********** Started TC005_GetAuthTest **************
[INFO ] 2023-01-22 23:32:54.902 [main] BaseClass - ** Checking Response Body **
[INFO ] 2023-01-22 23:32:54.907 [main] BaseClass - Response Body ==>{"code":200,"type":"unknown","message":"logged in user session:1674410570108"}
[INFO ] 2023-01-22 23:32:54.908 [main] BaseClass - Test Passed:GETAuthLoginTest
[INFO ] 2023-01-22 23:32:54.927 [main] BaseClass - Test Started For:checkStatusCode
[INFO ] 2023-01-22 23:32:54.930 [main] BaseClass - ** Checking Status Code **
[INFO ] 2023-01-22 23:32:54.930 [main] BaseClass - Response Status Code ==>200
[INFO ] 2023-01-22 23:32:54.930 [main] BaseClass - Test Passed:checkStatusCode
[INFO ] 2023-01-22 23:32:54.940 [main] BaseClass - Test Started For:checkResponseTime
[INFO ] 2023-01-22 23:32:54.942 [main] BaseClass - ** Checking Response Time **
[INFO ] 2023-01-22 23:32:54.946 [main] BaseClass - Response Time ==>1736
[INFO ] 2023-01-22 23:32:54.946 [main] BaseClass - Test Passed:checkResponseTime
[INFO ] 2023-01-22 23:32:54.964 [main] BaseClass - Test Started For:checkStatusLine
[INFO ] 2023-01-22 23:32:54.966 [main] BaseClass - ** Checking Status Line **
[INFO ] 2023-01-22 23:32:54.969 [main] BaseClass - Response Status Line ==>HTTP/1.1 200 OK
[INFO ] 2023-01-22 23:32:54.973 [main] BaseClass - Test Passed:checkStatusLine
[INFO ] 2023-01-22 23:32:54.986 [main] BaseClass - Test Started For:checkContentType
[INFO ] 2023-01-22 23:32:54.988 [main] BaseClass - ** Checking Content Type **
[INFO ] 2023-01-22 23:32:54.989 [main] BaseClass - Response Content Type ==>application/json
[INFO ] 2023-01-22 23:32:54.990 [main] BaseClass - Test Passed:checkContentType
[INFO ] 2023-01-22 23:32:55.006 [main] BaseClass - Test Started For:checkServer
[INFO ] 2023-01-22 23:32:55.010 [main] BaseClass - ** Checking Server Type **
[INFO ] 2023-01-22 23:32:55.011 [main] BaseClass - Response Server Type ==>Jetty(9.2.9.v20150224)
[INFO ] 2023-01-22 23:32:55.012 [main] BaseClass - Test Passed:checkServer
[INFO ] 2023-01-22 23:32:55.020 [main] BaseClass - Test Started For:GETPendingTest
[INFO ] 2023-01-22 23:32:55.021 [main] BaseClass - ********** Started TC006_GetPendingDetails **************
[INFO ] 2023-01-22 23:33:01.630 [main] BaseClass - Test Passed:GETPendingTest
[INFO ] 2023-01-22 23:33:01.639 [main] BaseClass - Test Started For:checkResponseBody
[INFO ] 2023-01-22 23:33:01.641 [main] BaseClass - ** Checking Response Body **
[INFO ] 2023-01-22 23:33:01.642 [main] BaseClass - Response Body ==>[{"id":9727313,"category":{"id":26989837,"name":"incididunt est non"},"name":"doggy","photoUrls":["dolor veniam","eiusmod dolore in aliqua"],"tags":[{"id":-90210856,"name":"sit sint"},{"id":-88981588,"name":"non velit anim sint"}],"status":"pending"},{"id":12345,"category":{"id":0,"name":"Tuto-Karate2"},"name":"doggie","photoUrls":["string"],"tags":[{"id":0,"name":"string"}],"status":"pending"},{"id":9223372036854723664,"category":{"id":2,"name":"hound"},"name":"rex","photoUrls":["https://i.natgeofe.com/n/4f5aaece-3300-41a4-b2a8-ed2708a0a27c/domestic-dog_thumb_4x3.jpg"],"tags":[{"id":0,"name":"string"}],"status":"pending"},{"id":9223372036854724103,"category":{"id":0,"name":"monkey"},"name":"Fruit1","photoUrls":["string"],"tags":[{"id":0,"name":"string"}],"status":"pending"},{"id":9223372036854725116,"category":{"id":-79619121,"name":"enim"},"name":"doggie-demo123","photoUrls":["et velit ea Ut pariatur","magna in consectetur"],"tags":[{"id":63518701,"name":"ut ad in"},{"id":-67603033,"name":"in aliqua"}],"status":"pending"},{"id":9223372036854725118,"category":{"id":4025107,"name":"ex non"},"name":"doggie","photoUrls":["id elit reprehenderit veniam eu","esse aliquip et"],"tags":[{"id":-49807206,"name":"v"},{"id":-41194891,"name":"elit adipisicing a"}],"status":"pending"},{"id":44012248,"category":{"id":-1184274,"name":"occaecat aute ullamco"},"name":"doggie","photoUrls":["adipisicing sit eu nulla","cillum consequat voluptate amet aliqua"],"tags":[{"id":84009036,"name":"est in"},{"id":-2578425,"name":"ipsum esse"}],"status":"pending"}]
[INFO ] 2023-01-22 23:33:01.643 [main] BaseClass - Test Passed:checkResponseBody
[INFO ] 2023-01-22 23:33:01.671 [main] BaseClass - Test Started For:checkStatusCode
[INFO ] 2023-01-22 23:33:01.672 [main] BaseClass - ** Checking Status Code **
[INFO ] 2023-01-22 23:33:01.673 [main] BaseClass - Response Status Code ==>200
[INFO ] 2023-01-22 23:33:01.678 [main] BaseClass - Test Passed:checkStatusCode
[INFO ] 2023-01-22 23:33:01.687 [main] BaseClass - Test Started For:checkResponseTime
[INFO ] 2023-01-22 23:33:01.689 [main] BaseClass - ** Checking Response Time **
[INFO ] 2023-01-22 23:33:01.690 [main] BaseClass - Response Time ==>1586
[INFO ] 2023-01-22 23:33:01.690 [main] BaseClass - Test Passed:checkResponseTime
[INFO ] 2023-01-22 23:33:01.707 [main] BaseClass - Test Started For:checkStatusLine
[INFO ] 2023-01-22 23:33:01.709 [main] BaseClass - ** Checking Status Line **
[INFO ] 2023-01-22 23:33:01.710 [main] BaseClass - Response Status Line ==>HTTP/1.1 200 OK
[INFO ] 2023-01-22 23:33:01.710 [main] BaseClass - Test Passed:checkStatusLine
[INFO ] 2023-01-22 23:33:01.717 [main] BaseClass - Test Started For:checkContentType
[INFO ] 2023-01-22 23:33:01.718 [main] BaseClass - ** Checking Content Type **
[INFO ] 2023-01-22 23:33:01.719 [main] BaseClass - Response Content Type ==>application/json
[INFO ] 2023-01-22 23:33:01.719 [main] BaseClass - Test Passed:checkContentType
[INFO ] 2023-01-22 23:33:01.727 [main] BaseClass - Test Started For:checkServer
[INFO ] 2023-01-22 23:33:01.728 [main] BaseClass - ** Checking Server Type **
[INFO ] 2023-01-22 23:33:01.729 [main] BaseClass - Response Server Type ==>Jetty(9.2.9.v20150224)
[INFO ] 2023-01-22 23:33:01.729 [main] BaseClass - Test Passed:checkServer
[INFO ] 2023-01-22 23:33:01.734 [main] BaseClass - Test Started For:GETAvailableTest
[INFO ] 2023-01-22 23:33:01.736 [main] BaseClass - ********** Started TC007_GetAvailableDetails **************
[INFO ] 2023-01-22 23:33:08.729 [main] BaseClass - Test Passed:GETAvailableTest
[INFO ] 2023-01-22 23:33:08.744 [main] BaseClass - Test Started For:checkResponseBody
[INFO ] 2023-01-22 23:33:08.745 [main] BaseClass - ** Checking Response Body **
[INFO ] 2023-01-22 23:33:08.780 [main] BaseClass - Response Body ==>[{"id":9223372036854723323,"category":{"id":0,"name":"string"},"name":"doggie","photoUrls":["string"],"tags":[{"id":0,"name":"string"}],"status":"available"},{"id":9223372036854723324,"category":{"id":0,"name":"string"},"name":"doggie","photoUrls":["string"],"tags":[{"id":0,"name":"string"}],"status":"available"},{"id":9223372036854723327,"category":{"id":0,"name":"string"},"name":"fish","photoUrls":["string"],"tags":[{"id":0,"name":"string"}],"status":"available"},{"id":9223372036854723337,"category":{"id":-12708683,"name":"ullamco in ea reprehenderit"},"name":"doggie","photoUrls":["pariatur cillum nulla Lorem","sunt officia commodo"],"tags":[{"id":90973270,"name":"nulla id"},{"id":51666574,"name":"commodo amet"}],"status":"available"},{"id":9223372036854723344,"category":{"id":0,"name":"string"},"name":"doggie","photoUrls":["string"],"tags":[{"id":0,"name":"string"}],"status":"available"},{"id":9223372036854723345,"category":{"id":0,"name":"string"},"name":"doggie","photoUrls":["string"],"tags":[{"id":0,"name":"string"}],"status":"available"},{"id":9223372036854645000,"category":{"id":0,"name":"string"},"name":"doggie","photoUrls":["string"],"tags":[{"id":0,"name":"string"}],"status":"available"},{"id":9223372036854723350,"category":{"id":0,"name":"string"},"name":"doggie","photoUrls":["string"],"tags":[{"id":0,"name":"string"}],"status":"available"},{"id":9223372036854723351,"category":{"id":0,"name":"string"},"name":"Cat","photoUrls":["string"],"tags":[{"id":0,"name":"string"}],"status":"available"},{"id":9223372036854723352,"category":{"id":24337318,"name":"irure culpa nostrud proident"},"name":"doggie","photoUrls":["reprehenderit in velit","cu"],"tags":[{"id":49740867,"name":"ex ut Duis in"},{"id":-14070169,"name":"non ad id ex"}],"status":"available"},{"id":69745597,"category":{"id":81776001,"name":"anim incididunt"},"name":"doggie","photoUrls":["ut elit","in"],"tags":[{"id":-30941697,"name":"laborum"},{"id":-56138752,"name":"tempor incididunt"}],"status":"available"},{"id":9223372036854723360,"category":{"id":0,"name":"cat"},"name":"Goose","photoUrls":["string"],"tags":[{"id":0,"name":"string"}],"status":"available"},{"id":9223372036854723362,"category":{"id":0,"name":"string"},"name":"fish","photoUrls":["string"],"tags":[{"id":0,"name":"string"}],"status":"available"},{"id":9223372036854723363,"category":{"id":0,"name":"string"},"name":"fish","photoUrls":["string"],"tags":[{"id":0,"name":"string"}],"status":"available"},{"id":9223372036854723379,"category":{"id":0,"name":"Dog"},"name":"Bruno","photoUrls":["string"],"tags":[{"id":0,"name":"string"}],"status":"available"},{"id":9223372036854723384,"category":{"id":0,"name":"string"},"name":"fish","photoUrls":["string"],"tags":[{"id":0,"name":"string"}],"status":"available"},{"id":9223372036854723385,"category":{"id":0,"name":"string"},"name":"fish","photoUrls":["string"],"tags":[{"id":0,"name":"string"}],"status":"available"},{"id":9223372036854723386,"category":{"id":0,"name":"string"},"name":"fish","photoUrls":["string"],"tags":[{"id":0,"name":"string"}],"status":"available"},{"id":9223372036854723387,"category":{"id":0,"name":"string"},"name":"fish","photoUrls":["string"],"tags":[{"id":0,"name":"string"}],"status":"available"},{"id":9223372036854723388,"category":{"id":0,"name":"string"},"name":"doggie","photoUrls":["string"],"tags":[{"id":0,"name":"string"}],"status":"available"},{"id":9223372036854723389,"category":{"id":0,"name":"string"},"name":"doggie","photoUrls":["string"],"tags":[{"id":0,"name":"string"}],"status":"available"},{"id":9223372036854723390,"category":{"id":0,"name":"string"},"name":"doggie","photoUrls":["string"],"tags":[{"id":0,"name":"string"}],"status":"available"},{"id":178,"category":{"id":1,"name":"bunny"},"name":"honey bunny","photoUrls":["string"],"tags":[{"id":1,"name":"white"}],"status":"available"},{"id":9223372036854723391,"category":{"id":0,"name":"string"},"name":"doggie","photoUrls":["string"],"tags":[{"id":0,"name":"string"}],"status":"available"},{"id":9223372036854723392,"category":{"id":0,"name":"string"},"name":"doggie","photoUrls":["string"],"tags":[{"id":0,"name":"string"}],"status":"available"},{"id":9223372036854723393,"category":{"id":0,"name":"string"},"name":"doggie","photoUrls":["string"],"tags":[{"id":0,"name":"string"}],"status":"available"},{"id":9223372036854723394,"category":{"id":0,"name":"string"},"name":"doggie","photoUrls":["string"],"tags":[{"id":0,"name":"string"}],"status":"available"},{"id":9223372036854723395,"category":{"id":0,"name":"string"},"name":"doggie","photoUrls":["string"],"tags":[{"id":0,"name":"string"}],"status":"available"},{"id":9223372036854723396,"category":{"id":0,"name":"string"},"name":"doggie","photoUrls":["string"],"tags":[{"id":0,"name":"string"}],"status":"available"},{"id":9223372036854723397,"category":{"id":0,"name":"string"},"name":"doggie","photoUrls":["string"],"tags":[{"id":0,"name":"string"}],"status":"available"},{"id":9223372036854723398,"category":{"id":0,"name":"string"},"name":"doggie","photoUrls":["string"],"tags":[{"id":0,"name":"string"}],"status":"available"},{"id":9223372036854723399,"category":{"id":0,"name":"string"},"name":"doggie","photoUrls":["string"],"tags":[{"id":0,"name":"string"}],"status":"available"},{"id":9223372036854723400,"category":{"id":0,"name":"string"},"name":"fish","photoUrls":["string"],"tags":[{"id":0,"name":"string"}],"status":"available"},{"id":9223372036854723401,"category":{"id":0,"name":"string"},"name":"doggie","photoUrls":["string"],"tags":[{"id":0,"name":"string"}],"status":"available"},{"id":9223372036854723402,"category":{"id":0,"name":"string"},"name":"doggie","photoUrls":["string"],"tags":[{"id":0,"name":"string"}],"status":"available"},{"id":9223372036854723403,"category":{"id":0,"name":"string"},"name":"doggie","photoUrls":["string"],"tags":[{"id":0,"name":"string"}],"status":"available"},{"id":9223372036854723404,"category":{"id":0,"name":"string"},"name":"fish","photoUrls":["string"],"tags":[{"id":0,"name":"string"}],"status":"available"},{"id":9223372036854723405,"category":{"id":0,"name":"string"},"name":"doggie","photoUrls":["string"],"tags":[{"id":0,"name":"string"}],"status":"available"},{"id":9223372036854723406,"category":{"id":0,"name":"string"},"name":"doggie","photoUrls":["string"],"tags":[{"id":0,"name":"string"}],"status":"available"},{"id":9223372036854723407,"category":{"id":0,"name":"string"},"name":"doggie","photoUrls":["string"],"tags":[{"id":0,"name":"string"}],"status":"available"},{"id":9223372036854723408,"category":{"id":0,"name":"string"},"name":"fish","photoUrls":["string"],"tags":[{"id":0,"name":"string"}],"status":"available"},{"id":9223372036854723410,"category":{"id":0,"name":"string"},"name":"fish","photoUrls":["string"],"tags":[{"id":0,"name":"string"}],"status":"available"},{"id":9223372036854723412,"category":{"id":0,"name":"cat"},"name":"Goose","photoUrls":["string"],"tags":[{"id":0,"name":"string"}],"status":"available"},{"id":9223372036854723424,"category":{"id":0,"name":"string"},"name":"fish","photoUrls":["string"],"tags":[{"id":0,"name":"string"}],"status":"available"},{"id":9223372036854723425,"category":{"id":0,"name":"string"},"name":"fish","photoUrls":["string"],"tags":[{"id":0,"name":"string"}],"status":"available"},{"id":9223372036854723426,"category":{"id":0,"name":"string"},"name":"fish","photoUrls":["string"],"tags":[{"id":0,"name":"string"}],"status":"available"},{"id":1111,"category":{"id":1111,"name":"pitbull"},"name":"karabas","photoUrls":["string"],"tags":[{"id":0,"name":"string"}],"status":"available"},{"id":93862582,"category":{"id":54241660,"name":"<bound method Provider.name of <faker.providers.person.en_US.Provider object at 0x0000016CBC367DD0>>"},"name":"<bound method Provider.name of <faker.providers.person.en_US.Provider object at 0x0000016CBC367DD0>>","photoUrls":[],"tags":[{"id":7,"name":"<bound method Provider.name of <faker.providers.person.en_US.Provider object at 0x0000016CBC367DD0>>"}],"status":"available"},{"id":9223372036854723441,"category":{"id":0,"name":"string"},"name":"fish","photoUrls":["string"],"tags":[{"id":0,"name":"string"}],"status":"available"},{"id":9223372036854723442,"category":{"id":0,"name":"string"},"name":"fish","photoUrls":["string"],"tags":[{"id":0,"name":"string"}],"status":"available"},{"id":777,"category":{"id":2,"name":"supercat"},"name":"Tima","photoUrls":["string"],"tags":[{"id":1,"name":"sladun"},{"id":2,"name":"malysh"}],"status":"available"},{"id":43760455,"category":{"id":50928130,"name":"Jordan Osborne"},"name":"Kathy Clark","photoUrls":[],"tags":[{"id":7,"name":"Erin Jackson"}],"status":"available"},{"id":9223372036854723458,"category":{"id":0,"name":"string"},"name":"doggie","photoUrls":["string"],"tags":[{"id":0,"name":"string"}],"status":"available"},{"id":9223372036854723459,"category":{"id":0,"name":"string"},"name":"doggie","photoUrls":["string"],"tags":[{"id":0,"name":"string"}],"status":"available"},{"id":9223372036854723460,"category":{"id":0,"name":"string"},"name":"doggie","photoUrls":["string"],"tags":[{"id":0,"name":"string"}],"status":"available"},{"id":9223372036854723463,"category":{"id":0,"name":"string"},"name":"doggie","photoUrls":["string"],"tags":[{"id":0,"name":"string"}],"status":"available"},{"id":9223372036854723464,"category":{"id":0,"name":"string"},"name":"doggie","photoUrls":["string"],"tags":[{"id":0,"name":"string"}],"status":"available"},{"id":9223372036854723465,"category":{"id":0,"name":"string"},"name":"doggie","photoUrls":["string"],"tags":[{"id":0,"name":"string"}],"status":"available"},{"id":52560176,"category":{"id":82132837,"name":"Kevin Howard"},"name":"Thomas Davis","photoUrls":[],"tags":[{"id":7,"name":"Jeanne Brown"}],"status":"available"},{"id":9223372036854723468,"category":{"id":0,"name":"string"},"name":"doggie","photoUrls":["string"],"tags":[{"id":0,"name":"string"}],"status":"available"},{"id":9223372036854723469,"category":{"id":0,"name":"string"},"name":"doggie","photoUrls":["string"],"tags":[{"id":0,"name":"string"}],"status":"available"},{"id":9223372036854723470,"category":{"id":0,"name":"string"},"name":"doggie","photoUrls":["string"],"tags":[{"id":0,"name":"string"}],"status":"available"},{"id":9223372036854723471,"category":{"id":0,"name":"string"},"name":"doggie","photoUrls":["string"],"tags":[{"id":0,"name":"string"}],"status":"available"},{"id":9223372036854723472,"category":{"id":0,"name":"string"},"name":"doggie","photoUrls":["string"],"tags":[{"id":0,"name":"string"}],"status":"available"},{"id":9223372036854723473,"category":{"id":0,"name":"string"},"name":"doggie","photoUrls":["string"],"tags":[{"id":0,"name":"string"}],"status":"available"},{"id":9223372036854723474,"category":{"id":0,"name":"string"},"name":"doggie","photoUrls":["string"],"tags":[{"id":0,"name":"string"}],"status":"available"},{"id":9223372036854723475,"category":{"id":0,"name":"string"},"name":"doggie","photoUrls":["string"],"tags":[{"id":0,"name":"string"}],"status":"available"},{"id":9223372036854723476,"category":{"id":0,"name":"string"},"name":"doggie","photoUrls":["string"],"tags":[{"id":0,"name":"string"}],"status":"available"},{"id":9223372036854723477,"category":{"id":0,"name":"string"},"name":"doggie","photoUrls":["string"],"tags":[{"id":0,"name":"string"}],"status":"available"},{"id":9223372036854723478,"category":{"id":0,"name":"string"},"name":"doggie","photoUrls":["string"],"tags":[{"id":0,"name":"string"}],"status":"available"},{"id":9223372036854723479,"category":{"id":0,"name":"string"},"name":"doggie","photoUrls":["string"],"tags":[{"id":0,"name":"string"}],"status":"available"},{"id":9223372036854723480,"category":{"id":0,"name":"string"},"name":"fish","photoUrls":["string"],"tags":[{"id":0,"name":"string"}],"status":"available"},{"id":9223372036854723481,"category":{"id":0,"name":"string"},"name":"fish","photoUrls":["string"],"tags":[{"id":0,"name":"string"}],"status":"available"},{"id":72828665,"category":{"id":91231815,"name":"Jennifer Vaughn"},"name":"Melissa Gibson","photoUrls":[],"tags":[{"id":7,"name":"Benjamin Lopez III"}],"status":"available"},{"id":68078931,"category":{"id":7504321,"name":"Glenn Crawford"},"name":"Jamie Schneider","photoUrls":[],"tags":[{"id":7,"name":"Marilyn Davis"}],"status":"available"},{"id":1112,"category":{"id":1112,"name":"pitbull"},"name":"karabas","photoUrls":["string"],"tags":[{"id":0,"name":"string"}],"status":"available"},{"id":9223372036854723507,"category":{"id":1,"name":"Tom"},"name":"doggie","photoUrls":["https://encrypted-tbn0.gstatic.com/images?q=tbn:ANd9GcQR9k9PLirK_eZZadvD7IlEGEN8sWI9hYsv9A&usqp=CAU"],"tags":[{"id":1,"name":"Tom"}],"status":"available"},{"id":9223372036854723509,"category":{"id":0,"name":"string"},"name":"Cat","photoUrls":["string"],"tags":[{"id":0,"name":"string"}],"status":"available"},{"id":87034123,"category":{"id":77396693,"name":"David Brown"},"name":"Robin Day","photoUrls":[],"tags":[{"id":7,"name":"Robert Zimmerman"}],"status":"available"},{"id":221,"category":{"id":0,"name":"string"},"name":"doggie","photoUrls":["string"],"tags":[{"id":0,"name":"string"}],"status":"available"},{"id":4374253,"category":{"id":63039784,"name":"Annette Lawrence"},"name":"Lisa Hernandez","photoUrls":[],"tags":[{"id":7,"name":"Daisy Jackson"}],"status":"available"},{"id":9223372036854723511,"category":{"id":0,"name":"string"},"name":"Cat","photoUrls":["string"],"tags":[{"id":0,"name":"string"}],"status":"available"},{"id":8031022,"category":{"id":37626070,"name":"Renee Reed"},"name":"Gilbert Martinez","photoUrls":[],"tags":[{"id":7,"name":"Debra Galloway"}],"status":"available"},{"id":9223372036854723518,"category":{"id":0,"name":"string"},"name":"fish","photoUrls":["string"],"tags":[{"id":0,"name":"string"}],"status":"available"},{"id":9223372036854723520,"category":{"id":0,"name":"string"},"name":"fish","photoUrls":["string"],"tags":[{"id":0,"name":"string"}],"status":"available"},{"id":9223372036854723521,"category":{"id":0,"name":"string"},"name":"doggie","photoUrls":["string"],"tags":[{"id":0,"name":"string"}],"status":"available"},{"id":9223372036854723529,"category":{"id":1,"name":"Tom"},"name":"doggie","photoUrls":["https://encrypted-tbn0.gstatic.com/images?q=tbn:ANd9GcQR9k9PLirK_eZZadvD7IlEGEN8sWI9hYsv9A&usqp=CAU"],"tags":[{"id":1,"name":"Tom"}],"status":"available"},{"id":9223372036854723530,"category":{"id":0,"name":"string"},"name":"Cat","photoUrls":["string"],"tags":[{"id":0,"name":"string"}],"status":"available"},{"id":9223372036854723533,"category":{"id":0,"name":"string"},"name":"fish","photoUrls":["string"],"tags":[{"id":0,"name":"string"}],"status":"available"},{"id":9223372036854723534,"category":{"id":0,"name":"string"},"name":"fish","photoUrls":["string"],"tags":[{"id":0,"name":"string"}],"status":"available"},{"id":9223372036854723535,"category":{"id":0,"name":"string"},"name":"fish","photoUrls":["string"],"tags":[{"id":0,"name":"string"}],"status":"available"},{"id":9223372036854723537,"category":{"id":0,"name":"string"},"name":"fish","photoUrls":["string"],"tags":[{"id":0,"name":"string"}],"status":"available"},{"id":9223372036854723538,"category":{"id":0,"name":"string"},"name":"doggie","photoUrls":["string"],"tags":[{"id":0,"name":"string"}],"status":"available"},{"id":9223372036854723539,"category":{"id":0,"name":"string"},"name":"doggie","photoUrls":["string"],"tags":[{"id":0,"name":"string"}],"status":"available"},{"id":9223372036854723540,"category":{"id":0,"name":"string"},"name":"doggie","photoUrls":["string"],"tags":[{"id":0,"name":"string"}],"status":"available"},{"id":9223372036854723541,"category":{"id":0,"name":"string"},"name":"doggie","photoUrls":["string"],"tags":[{"id":0,"name":"string"}],"status":"available"},{"id":9223372036854723542,"category":{"id":0,"name":"string"},"name":"doggie","photoUrls":["string"],"tags":[{"id":0,"name":"string"}],"status":"available"},{"id":9223372036854723543,"category":{"id":0,"name":"string"},"name":"doggie","photoUrls":["string"],"tags":[{"id":0,"name":"string"}],"status":"available"},{"id":9223372036854723544,"category":{"id":0,"name":"string"},"name":"doggie","photoUrls":["string"],"tags":[{"id":0,"name":"string"}],"status":"available"},{"id":9223372036854723545,"category":{"id":0,"name":"string"},"name":"doggie","photoUrls":["string"],"tags":[{"id":0,"name":"string"}],"status":"available"},{"id":9223372036854723546,"category":{"id":0,"name":"string"},"name":"doggie","photoUrls":["string"],"tags":[{"id":0,"name":"string"}],"status":"available"},{"id":9223372036854723547,"category":{"id":0,"name":"string"},"name":"doggie","photoUrls":["string"],"tags":[{"id":0,"name":"string"}],"status":"available"},{"id":9223372036854723548,"category":{"id":0,"name":"string"},"name":"doggie","photoUrls":["string"],"tags":[{"id":0,"name":"string"}],"status":"available"},{"id":9223372036854723549,"category":{"id":0,"name":"string"},"name":"doggie","photoUrls":["string"],"tags":[{"id":0,"name":"string"}],"status":"available"},{"id":9223372036854723552,"category":{"id":0,"name":"string"},"name":"fish","photoUrls":["string"],"tags":[{"id":0,"name":"string"}],"status":"available"},{"id":9223372036854723553,"category":{"id":0,"name":"string"},"name":"doggie","photoUrls":["string"],"tags":[{"id":0,"name":"string"}],"status":"available"},{"id":9223372036854723554,"category":{"id":0,"name":"string"},"name":"doggie","photoUrls":["string"],"tags":[{"id":0,"name":"string"}],"status":"available"},{"id":9223372036854723555,"category":{"id":0,"name":"string"},"name":"doggie","photoUrls":["string"],"tags":[{"id":0,"name":"string"}],"status":"available"},{"id":9223372036854723556,"category":{"id":0,"name":"string"},"name":"fish","photoUrls":["string"],"tags":[{"id":0,"name":"string"}],"status":"available"},{"id":9223372036854723557,"category":{"id":0,"name":"string"},"name":"doggie","photoUrls":["string"],"tags":[{"id":0,"name":"string"}],"status":"available"},{"id":9223372036854723558,"category":{"id":0,"name":"string"},"name":"doggie","photoUrls":["string"],"tags":[{"id":0,"name":"string"}],"status":"available"},{"id":9223372036854723559,"category":{"id":0,"name":"string"},"name":"doggie","photoUrls":["string"],"tags":[{"id":0,"name":"string"}],"status":"available"},{"id":9223372036854723560,"category":{"id":0,"name":"string"},"name":"fish","photoUrls":["string"],"tags":[{"id":0,"name":"string"}],"status":"available"},{"id":9223372036854723562,"category":{"id":0,"name":"string"},"name":"fish","photoUrls":["string"],"tags":[{"id":0,"name":"string"}],"status":"available"},{"id":9222968140497180179,"category":{"id":0,"name":"string"},"name":"test","photoUrls":["string"],"tags":[{"id":0,"name":"string"}],"status":"available"},{"id":9223372036854723585,"category":{"id":1,"name":"Tom"},"name":"doggie","photoUrls":["https://encrypted-tbn0.gstatic.com/images?q=tbn:ANd9GcQR9k9PLirK_eZZadvD7IlEGEN8sWI9hYsv9A&usqp=CAU"],"tags":[{"id":1,"name":"Tom"}],"status":"available"},{"id":9223372036854723586,"category":{"id":0,"name":"string"},"name":"fish","photoUrls":["string"],"tags":[{"id":0,"name":"string"}],"status":"available"},{"id":9223372036854723587,"category":{"id":0,"name":"string"},"name":"fish","photoUrls":["string"],"tags":[{"id":0,"name":"string"}],"status":"available"},{"id":9223372036854723588,"category":{"id":0,"name":"string"},"name":"fish","photoUrls":["string"],"tags":[{"id":0,"name":"string"}],"status":"available"},{"id":123456,"category":{"id":1234567,"name":"ALLA"},"name":"ALLA","photoUrls":["string"],"tags":[{"id":123456,"name":"string"}],"status":"available"},{"id":9222968140491042131,"category":{"id":0,"name":"string"},"name":"doggie","photoUrls":["string"],"tags":[{"id":0,"name":"string"}],"status":"available"},{"id":9223372036854723597,"category":{"id":0,"name":"string"},"name":"fish","photoUrls":["string"],"tags":[{"id":0,"name":"string"}],"status":"available"},{"id":9223372036854723598,"category":{"id":1,"name":"Tom"},"name":"doggie","photoUrls":["https://encrypted-tbn0.gstatic.com/images?q=tbn:ANd9GcQR9k9PLirK_eZZadvD7IlEGEN8sWI9hYsv9A&usqp=CAU"],"tags":[{"id":1,"name":"Tom"}],"status":"available"},{"id":9223372036854723599,"category":{"id":0,"name":"string"},"name":"fish","photoUrls":["string"],"tags":[{"id":0,"name":"string"}],"status":"available"},{"id":9223372036854723600,"category":{"id":0,"name":"string"},"name":"doggie","photoUrls":["string"],"tags":[{"id":0,"name":"string"}],"status":"available"},{"id":9223372036854723635,"category":{"id":0,"name":"string"},"name":"doggie","photoUrls":["string"],"tags":[{"id":0,"name":"string"}],"status":"available"},{"id":9223372036854723636,"category":{"id":0,"name":"string"},"name":"doggie","photoUrls":["string"],"tags":[{"id":0,"name":"string"}],"status":"available"},{"id":9223372036854723637,"category":{"id":0,"name":"string"},"name":"doggie","photoUrls":["string"],"tags":[{"id":0,"name":"string"}],"status":"available"},{"id":9223372036854723638,"category":{"id":0,"name":"string"},"name":"doggie","photoUrls":["string"],"tags":[{"id":0,"name":"string"}],"status":"available"},{"id":9223372036854723639,"category":{"id":0,"name":"string"},"name":"doggie","photoUrls":["string"],"tags":[{"id":0,"name":"string"}],"status":"available"},{"id":9223372036854723640,"category":{"id":0,"name":"string"},"name":"doggie","photoUrls":["string"],"tags":[{"id":0,"name":"string"}],"status":"available"},{"id":9223372036854723643,"category":{"id":0,"name":"string"},"name":"doggie","photoUrls":["string"],"tags":[{"id":0,"name":"string"}],"status":"available"},{"id":9223372036854723644,"category":{"id":0,"name":"string"},"name":"doggie","photoUrls":["string"],"tags":[{"id":0,"name":"string"}],"status":"available"},{"id":9223372036854723645,"category":{"id":0,"name":"string"},"name":"doggie","photoUrls":["string"],"tags":[{"id":0,"name":"string"}],"status":"available"},{"id":9223372036854723648,"category":{"id":0,"name":"string"},"name":"doggie","photoUrls":["string"],"tags":[{"id":0,"name":"string"}],"status":"available"},{"id":9223372036854723649,"category":{"id":0,"name":"string"},"name":"doggie","photoUrls":["string"],"tags":[{"id":0,"name":"string"}],"status":"available"},{"id":9223372036854723650,"category":{"id":0,"name":"string"},"name":"doggie","photoUrls":["string"],"tags":[{"id":0,"name":"string"}],"status":"available"},{"id":9223372036854723651,"category":{"id":0,"name":"string"},"name":"fish","photoUrls":["string"],"tags":[{"id":0,"name":"string"}],"status":"available"},{"id":9223372036854723652,"category":{"id":0,"name":"string"},"name":"doggie","photoUrls":["string"],"tags":[{"id":0,"name":"string"}],"status":"available"},{"id":9223372036854723653,"category":{"id":0,"name":"string"},"name":"doggie","photoUrls":["string"],"tags":[{"id":0,"name":"string"}],"status":"available"},{"id":9223372036854723654,"category":{"id":0,"name":"string"},"name":"doggie","photoUrls":["string"],"tags":[{"id":0,"name":"string"}],"status":"available"},{"id":9223372036854723655,"category":{"id":0,"name":"string"},"name":"doggie","photoUrls":["string"],"tags":[{"id":0,"name":"string"}],"status":"available"},{"id":9223372036854723656,"category":{"id":0,"name":"string"},"name":"doggie","photoUrls":["string"],"tags":[{"id":0,"name":"string"}],"status":"available"},{"id":9223372036854723657,"category":{"id":0,"name":"string"},"name":"doggie","photoUrls":["string"],"tags":[{"id":0,"name":"string"}],"status":"available"},{"id":9223372036854723659,"category":{"id":0,"name":"string"},"name":"fish","photoUrls":["string"],"tags":[{"id":0,"name":"string"}],"status":"available"},{"id":4,"category":{"id":1,"name":"string"},"name":"doggie","photoUrls":["string"],"tags":[{"id":0,"name":"string"}],"status":"available"},{"id":9223372036854723670,"category":{"id":0,"name":"hound"},"name":"milou","photoUrls":["https://i.natgeofe.com/n/4f5aaece-3300-41a4-b2a8-ed2708a0a27c/domestic-dog_thumb_4x3.jpg"],"tags":[{"id":0,"name":"string"}],"status":"available"},{"id":9223372036854723701,"category":{"id":0,"name":"string"},"name":"fish","photoUrls":["string"],"tags":[{"id":0,"name":"string"}],"status":"available"},{"id":9223372036854723704,"category":{"id":0,"name":"string"},"name":"fish","photoUrls":["string"],"tags":[{"id":0,"name":"string"}],"status":"available"},{"id":9223372036854723709,"category":{"id":0,"name":"string"},"name":"fish","photoUrls":["string"],"tags":[{"id":0,"name":"string"}],"status":"available"},{"id":9223372036854723710,"category":{"id":0,"name":"string"},"name":"fish","photoUrls":["string"],"tags":[{"id":0,"name":"string"}],"status":"available"},{"id":9223372036854723711,"category":{"id":0,"name":"string"},"name":"fish","photoUrls":["string"],"tags":[{"id":0,"name":"string"}],"status":"available"},{"id":9223372036854723712,"category":{"id":1,"name":"Tom"},"name":"doggie","photoUrls":["https://encrypted-tbn0.gstatic.com/images?q=tbn:ANd9GcQR9k9PLirK_eZZadvD7IlEGEN8sWI9hYsv9A&usqp=CAU"],"tags":[{"id":1,"name":"Tom"}],"status":"available"},{"id":9223372036854723715,"category":{"id":0,"name":"string"},"name":"fish","photoUrls":["string"],"tags":[{"id":0,"name":"string"}],"status":"available"},{"id":9223372036854723716,"category":{"id":0,"name":"string"},"name":"doggie","photoUrls":["string"],"tags":[{"id":0,"name":"string"}],"status":"available"},{"id":9223372036854723717,"category":{"id":0,"name":"string"},"name":"doggie","photoUrls":["string"],"tags":[{"id":0,"name":"string"}],"status":"available"},{"id":9223372036854723718,"category":{"id":0,"name":"string"},"name":"doggie","photoUrls":["string"],"tags":[{"id":0,"name":"string"}],"status":"available"},{"id":9223372036854723719,"category":{"id":0,"name":"string"},"name":"doggie","photoUrls":["string"],"tags":[{"id":0,"name":"string"}],"status":"available"},{"id":9223372036854723720,"category":{"id":0,"name":"string"},"name":"doggie","photoUrls":["string"],"tags":[{"id":0,"name":"string"}],"status":"available"},{"id":9223372036854723721,"category":{"id":0,"name":"string"},"name":"doggie","photoUrls":["string"],"tags":[{"id":0,"name":"string"}],"status":"available"},{"id":9223372036854723722,"category":{"id":0,"name":"string"},"name":"doggie","photoUrls":["string"],"tags":[{"id":0,"name":"string"}],"status":"available"},{"id":9223372036854723723,"category":{"id":0,"name":"string"},"name":"doggie","photoUrls":["string"],"tags":[{"id":0,"name":"string"}],"status":"available"},{"id":9223372036854723724,"category":{"id":0,"name":"string"},"name":"doggie","photoUrls":["string"],"tags":[{"id":0,"name":"string"}],"status":"available"},{"id":9223372036854723725,"category":{"id":0,"name":"Cat"},"name":"Iriska","photoUrls":["string"],"tags":[{"id":0,"name":"string"}],"status":"available"},{"id":9223372036854723726,"category":{"id":0,"name":"string"},"name":"doggie","photoUrls":["string"],"tags":[{"id":0,"name":"string"}],"status":"available"},{"id":9223372036854723727,"category":{"id":0,"name":"string"},"name":"doggie","photoUrls":["string"],"tags":[{"id":0,"name":"string"}],"status":"available"},{"id":9223372036854723728,"category":{"id":0,"name":"string"},"name":"doggie","photoUrls":["string"],"tags":[{"id":0,"name":"string"}],"status":"available"},{"id":9223372036854723729,"category":{"id":0,"name":"string"},"name":"fish","photoUrls":["string"],"tags":[{"id":0,"name":"string"}],"status":"available"},{"id":9223372036854723730,"category":{"id":0,"name":"string"},"name":"fish","photoUrls":["string"],"tags":[{"id":0,"name":"string"}],"status":"available"},{"id":9223372036854723731,"category":{"id":0,"name":"string"},"name":"doggie","photoUrls":["string"],"tags":[{"id":0,"name":"string"}],"status":"available"},{"id":9223372036854723732,"category":{"id":0,"name":"string"},"name":"doggie","photoUrls":["string"],"tags":[{"id":0,"name":"string"}],"status":"available"},{"id":9223372036854723733,"category":{"id":0,"name":"string"},"name":"doggie","photoUrls":["string"],"tags":[{"id":0,"name":"string"}],"status":"available"},{"id":9223372036854723734,"category":{"id":0,"name":"string"},"name":"doggie","photoUrls":["string"],"tags":[{"id":0,"name":"string"}],"status":"available"},{"id":9223372036854723735,"category":{"id":0,"name":"string"},"name":"doggie","photoUrls":["string"],"tags":[{"id":0,"name":"string"}],"status":"available"},{"id":9223372036854723736,"category":{"id":0,"name":"string"},"name":"doggie","photoUrls":["string"],"tags":[{"id":0,"name":"string"}],"status":"available"},{"id":9223372036854723737,"category":{"id":0,"name":"string"},"name":"fish","photoUrls":["string"],"tags":[{"id":0,"name":"string"}],"status":"available"},{"id":9223372036854723738,"category":{"id":0,"name":"string"},"name":"fish","photoUrls":["string"],"tags":[{"id":0,"name":"string"}],"status":"available"},{"id":9223372036854724006,"category":{"id":0,"name":"string"},"name":"fish","photoUrls":["string"],"tags":[{"id":0,"name":"string"}],"status":"available"},{"id":112233,"category":{"id":30,"name":"Eq-dog"},"name":"Postman","photoUrls":["URLLink"],"tags":[{"id":10,"name":"Doberman"}],"status":"available"},{"id":9223372036854724009,"category":{"id":0,"name":"string"},"name":"fish","photoUrls":["string"],"tags":[{"id":0,"name":"string"}],"status":"available"},{"id":9223372036854724010,"category":{"id":0,"name":"string"},"name":"fish","photoUrls":["string"],"tags":[{"id":0,"name":"string"}],"status":"available"},{"id":122,"category":{"id":0,"name":"dog"},"name":"sobaka","photoUrls":["string"],"tags":[{"id":0,"name":"PES"}],"status":"available"},{"id":9223372036854724020,"category":{"id":0,"name":"string"},"name":"fish","photoUrls":["string"],"tags":[{"id":0,"name":"string"}],"status":"available"},{"id":9223372036854724023,"category":{"id":0,"name":"string"},"name":"fish","photoUrls":["string"],"tags":[{"id":0,"name":"string"}],"status":"available"},{"id":9223372036854724026,"category":{"id":0,"name":"Jerry"},"name":"Mouse","photoUrls":["string"],"tags":[{"id":0,"name":"Mouse"}],"status":"available"},{"id":9223372036854662557,"category":{"id":44,"name":"string"},"name":"tes","photoUrls":["string"],"tags":[{"id":0,"name":"string"}],"status":"available"},{"id":9223372036854724035,"category":{"id":0,"name":"string"},"name":"doggie","photoUrls":["string"],"tags":[{"id":0,"name":"string"}],"status":"available"},{"id":9223372036854724036,"category":{"id":0,"name":"string"},"name":"doggie","photoUrls":["string"],"tags":[{"id":0,"name":"string"}],"status":"available"},{"id":9223372036854724037,"category":{"id":0,"name":"string"},"name":"doggie","photoUrls":["string"],"tags":[{"id":0,"name":"string"}],"status":"available"},{"id":9223372036854724038,"category":{"id":0,"name":"string"},"name":"doggie","photoUrls":["string"],"tags":[{"id":0,"name":"string"}],"status":"available"},{"id":9223372036854724039,"category":{"id":0,"name":"string"},"name":"doggie","photoUrls":["string"],"tags":[{"id":0,"name":"string"}],"status":"available"},{"id":9223372036854724040,"category":{"id":0,"name":"string"},"name":"doggie","photoUrls":["string"],"tags":[{"id":0,"name":"string"}],"status":"available"},{"id":9223372036854724043,"category":{"id":0,"name":"string"},"name":"doggie","photoUrls":["string"],"tags":[{"id":0,"name":"string"}],"status":"available"},{"id":9223372036854724044,"category":{"id":0,"name":"string"},"name":"doggie","photoUrls":["string"],"tags":[{"id":0,"name":"string"}],"status":"available"},{"id":9223372036854724045,"category":{"id":0,"name":"string"},"name":"doggie","photoUrls":["string"],"tags":[{"id":0,"name":"string"}],"status":"available"},{"id":9223372036854724046,"category":{"id":0,"name":"string"},"name":"doggie","photoUrls":["string"],"tags":[{"id":0,"name":"string"}],"status":"available"},{"id":9223372036854724047,"category":{"id":0,"name":"string"},"name":"doggie","photoUrls":["string"],"tags":[{"id":0,"name":"string"}],"status":"available"},{"id":9223372036854724048,"category":{"id":0,"name":"string"},"name":"doggie","photoUrls":["string"],"tags":[{"id":0,"name":"string"}],"status":"available"},{"id":9223372036854724053,"category":{"id":0,"name":"string"},"name":"doggie","photoUrls":["string"],"tags":[{"id":0,"name":"string"}],"status":"available"},{"id":9223372036854724056,"category":{"id":0,"name":"string"},"name":"fish","photoUrls":["string"],"tags":[{"id":0,"name":"string"}],"status":"available"},{"id":9223372036854724057,"category":{"id":0,"name":"string"},"name":"doggie","photoUrls":["string"],"tags":[{"id":0,"name":"string"}],"status":"available"},{"id":9223372036854724058,"category":{"id":0,"name":"string"},"name":"doggie","photoUrls":["string"],"tags":[{"id":0,"name":"string"}],"status":"available"},{"id":9223372036854724059,"category":{"id":0,"name":"string"},"name":"doggie","photoUrls":["string"],"tags":[{"id":0,"name":"string"}],"status":"available"},{"id":9223372036854724060,"category":{"id":0,"name":"string"},"name":"doggie","photoUrls":["string"],"tags":[{"id":0,"name":"string"}],"status":"available"},{"id":9223372036854724061,"category":{"id":0,"name":"string"},"name":"doggie","photoUrls":["string"],"tags":[{"id":0,"name":"string"}],"status":"available"},{"id":9223372036854724062,"category":{"id":0,"name":"string"},"name":"doggie","photoUrls":["string"],"tags":[{"id":0,"name":"string"}],"status":"available"},{"id":9223372036854724063,"category":{"id":0,"name":"string"},"name":"fish","photoUrls":["string"],"tags":[{"id":0,"name":"string"}],"status":"available"},{"id":9223372036854724075,"category":{"id":0,"name":"string"},"name":"doggie","photoUrls":["string"],"tags":[{"id":0,"name":"string"}],"status":"available"},{"id":9223372036854724093,"category":{"id":0,"name":"string"},"name":"doggie","photoUrls":["string"],"tags":[{"id":0,"name":"string"}],"status":"available"},{"id":9223372036854724094,"category":{"id":0,"name":"string"},"name":"fish","photoUrls":["string"],"tags":[{"id":0,"name":"string"}],"status":"available"},{"id":9223372036854724095,"category":{"id":0,"name":"string"},"name":"fish","photoUrls":["string"],"tags":[{"id":0,"name":"string"}],"status":"available"},{"id":9223372036854724104,"category":{"id":0,"name":"string"},"name":"fish","photoUrls":["string"],"tags":[{"id":0,"name":"string"}],"status":"available"},{"id":9223372036854724105,"category":{"id":0,"name":"string"},"name":"fish","photoUrls":["string"],"tags":[{"id":0,"name":"string"}],"status":"available"},{"id":9223372036854724106,"category":{"id":0,"name":"string"},"name":"fish","photoUrls":["string"],"tags":[{"id":0,"name":"string"}],"status":"available"},{"id":9223372036854724107,"category":{"id":0,"name":"string"},"name":"doggie","photoUrls":["string"],"tags":[{"id":0,"name":"string"}],"status":"available"},{"id":9223372036854724108,"category":{"id":0,"name":"string"},"name":"doggie","photoUrls":["string"],"tags":[{"id":0,"name":"string"}],"status":"available"},{"id":9223372036854724109,"category":{"id":0,"name":"string"},"name":"fish","photoUrls":["string"],"tags":[{"id":0,"name":"string"}],"status":"available"},{"id":9223372036854724110,"category":{"id":0,"name":"string"},"name":"doggie","photoUrls":["string"],"tags":[{"id":0,"name":"string"}],"status":"available"},{"id":9223372036854724111,"category":{"id":0,"name":"string"},"name":"doggie","photoUrls":["string"],"tags":[{"id":0,"name":"string"}],"status":"available"},{"id":9223372036854724112,"category":{"id":0,"name":"string"},"name":"doggie","photoUrls":["string"],"tags":[{"id":0,"name":"string"}],"status":"available"},{"id":9223372036854724113,"category":{"id":0,"name":"string"},"name":"doggie","photoUrls":["string"],"tags":[{"id":0,"name":"string"}],"status":"available"},{"id":9223372036854724114,"category":{"id":0,"name":"string"},"name":"doggie","photoUrls":["string"],"tags":[{"id":0,"name":"string"}],"status":"available"},{"id":9223372036854724115,"category":{"id":0,"name":"string"},"name":"doggie","photoUrls":["string"],"tags":[{"id":0,"name":"string"}],"status":"available"},{"id":9223372036854724116,"category":{"id":0,"name":"string"},"name":"doggie","photoUrls":["string"],"tags":[{"id":0,"name":"string"}],"status":"available"},{"id":9223372036854724117,"category":{"id":0,"name":"string"},"name":"doggie","photoUrls":["string"],"tags":[{"id":0,"name":"string"}],"status":"available"},{"id":9223372036854724118,"category":{"id":0,"name":"string"},"name":"doggie","photoUrls":["string"],"tags":[{"id":0,"name":"string"}],"status":"available"},{"id":9223372036854724119,"category":{"id":0,"name":"string"},"name":"doggie","photoUrls":["string"],"tags":[{"id":0,"name":"string"}],"status":"available"},{"id":9223372036854724120,"category":{"id":0,"name":"string"},"name":"doggie","photoUrls":["string"],"tags":[{"id":0,"name":"string"}],"status":"available"},{"id":9223372036854724121,"category":{"id":0,"name":"string"},"name":"doggie","photoUrls":["string"],"tags":[{"id":0,"name":"string"}],"status":"available"},{"id":9223372036854724122,"category":{"id":0,"name":"string"},"name":"fish","photoUrls":["string"],"tags":[{"id":0,"name":"string"}],"status":"available"},{"id":9223372036854724123,"category":{"id":0,"name":"string"},"name":"doggie","photoUrls":["string"],"tags":[{"id":0,"name":"string"}],"status":"available"},{"id":9223372036854724124,"category":{"id":0,"name":"string"},"name":"doggie","photoUrls":["string"],"tags":[{"id":0,"name":"string"}],"status":"available"},{"id":9223372036854724125,"category":{"id":0,"name":"string"},"name":"doggie","photoUrls":["string"],"tags":[{"id":0,"name":"string"}],"status":"available"},{"id":9223372036854724126,"category":{"id":0,"name":"string"},"name":"fish","photoUrls":["string"],"tags":[{"id":0,"name":"string"}],"status":"available"},{"id":9223372036854724127,"category":{"id":0,"name":"string"},"name":"doggie","photoUrls":["string"],"tags":[{"id":0,"name":"string"}],"status":"available"},{"id":9223372036854724128,"category":{"id":0,"name":"string"},"name":"doggie","photoUrls":["string"],"tags":[{"id":0,"name":"string"}],"status":"available"},{"id":9223372036854724129,"category":{"id":0,"name":"string"},"name":"doggie","photoUrls":["string"],"tags":[{"id":0,"name":"string"}],"status":"available"},{"id":9223372036854724130,"category":{"id":0,"name":"string"},"name":"fish","photoUrls":["string"],"tags":[{"id":0,"name":"string"}],"status":"available"},{"id":9223372036854724131,"category":{"id":0,"name":"string"},"name":"fish","photoUrls":["string"],"tags":[{"id":0,"name":"string"}],"status":"available"},{"id":9223372036854724142,"category":{"id":0,"name":"string"},"name":"doggie","photoUrls":["string"],"tags":[{"id":0,"name":"string"}],"status":"available"},{"id":9223372036854724148,"category":{"id":0,"name":"string"},"name":"doggasdasdie","photoUrls":["string"],"tags":[{"id":0,"name":"strasdasding"}],"status":"available"},{"id":9223372036854724149,"category":{"id":0,"name":"string"},"name":"fish","photoUrls":["string"],"tags":[{"id":0,"name":"string"}],"status":"available"},{"id":9223372036854724150,"category":{"id":0,"name":"string"},"name":"fish","photoUrls":["string"],"tags":[{"id":0,"name":"string"}],"status":"available"},{"id":9223372036854724151,"category":{"id":0,"name":"string"},"name":"fish","photoUrls":["string"],"tags":[{"id":0,"name":"string"}],"status":"available"},{"id":9223372036854724166,"category":{"id":0,"name":"string"},"name":"fish","photoUrls":["string"],"tags":[{"id":0,"name":"string"}],"status":"available"},{"id":9223372036854724167,"category":{"id":0,"name":"string"},"name":"fish","photoUrls":["string"],"tags":[{"id":0,"name":"string"}],"status":"available"},{"id":9223372036854724182,"category":{"id":0,"name":"string"},"name":"doggie","photoUrls":["string"],"tags":[{"id":0,"name":"string"}],"status":"available"},{"id":9223372036854724183,"category":{"id":0,"name":"string"},"name":"doggie","photoUrls":["string"],"tags":[{"id":0,"name":"string"}],"status":"available"},{"id":9223372036854724184,"category":{"id":0,"name":"string"},"name":"doggie","photoUrls":["string"],"tags":[{"id":0,"name":"string"}],"status":"available"},{"id":9223372036854724185,"category":{"id":0,"name":"string"},"name":"doggie","photoUrls":["string"],"tags":[{"id":0,"name":"string"}],"status":"available"},{"id":9223372036854724186,"category":{"id":0,"name":"string"},"name":"doggie","photoUrls":["string"],"tags":[{"id":0,"name":"string"}],"status":"available"},{"id":9223372036854724187,"category":{"id":0,"name":"string"},"name":"doggie","photoUrls":["string"],"tags":[{"id":0,"name":"string"}],"status":"available"},{"id":9223372036854724188,"category":{"id":0,"name":"string"},"name":"doggie","photoUrls":["string"],"tags":[{"id":0,"name":"string"}],"status":"available"},{"id":9223372036854724189,"category":{"id":0,"name":"string"},"name":"doggie","photoUrls":["string"],"tags":[{"id":0,"name":"string"}],"status":"available"},{"id":9223372036854724190,"category":{"id":0,"name":"string"},"name":"doggie","photoUrls":["string"],"tags":[{"id":0,"name":"string"}],"status":"available"},{"id":9223372036854724191,"category":{"id":0,"name":"string"},"name":"doggie","photoUrls":["string"],"tags":[{"id":0,"name":"string"}],"status":"available"},{"id":9223372036854724192,"category":{"id":0,"name":"string"},"name":"doggie","photoUrls":["string"],"tags":[{"id":0,"name":"string"}],"status":"available"},{"id":9223372036854724193,"category":{"id":0,"name":"string"},"name":"doggie","photoUrls":["string"],"tags":[{"id":0,"name":"string"}],"status":"available"},{"id":9223372036854724194,"category":{"id":0,"name":"string"},"name":"fish","photoUrls":["string"],"tags":[{"id":0,"name":"string"}],"status":"available"},{"id":9223372036854724195,"category":{"id":0,"name":"string"},"name":"doggie","photoUrls":["string"],"tags":[{"id":0,"name":"string"}],"status":"available"},{"id":9223372036854724196,"category":{"id":0,"name":"string"},"name":"doggie","photoUrls":["string"],"tags":[{"id":0,"name":"string"}],"status":"available"},{"id":9223372036854724197,"category":{"id":0,"name":"string"},"name":"doggie","photoUrls":["string"],"tags":[{"id":0,"name":"string"}],"status":"available"},{"id":9223372036854724200,"category":{"id":0,"name":"string"},"name":"doggie","photoUrls":["string"],"tags":[{"id":0,"name":"string"}],"status":"available"},{"id":9223372036854724201,"category":{"id":0,"name":"string"},"name":"doggie","photoUrls":["string"],"tags":[{"id":0,"name":"string"}],"status":"available"},{"id":9223372036854724202,"category":{"id":0,"name":"string"},"name":"doggie","photoUrls":["string"],"tags":[{"id":0,"name":"string"}],"status":"available"},{"id":9223372036854724203,"category":{"id":0,"name":"string"},"name":"fish","photoUrls":["string"],"tags":[{"id":0,"name":"string"}],"status":"available"},{"id":9223372036854724204,"category":{"id":0,"name":"string"},"name":"Guru","photoUrls":["string"],"tags":[{"id":0,"name":"string"}],"status":"available"},{"id":9223372036854724205,"category":{"id":0,"name":"string"},"name":"Guru","photoUrls":["string"],"tags":[{"id":0,"name":"string"}],"status":"available"},{"id":9223372036854724223,"category":{"id":1,"name":"Tom"},"name":"doggie","photoUrls":["https://encrypted-tbn0.gstatic.com/images?q=tbn:ANd9GcQR9k9PLirK_eZZadvD7IlEGEN8sWI9hYsv9A&usqp=CAU"],"tags":[{"id":1,"name":"Tom"}],"status":"available"},{"id":9223372036854724235,"category":{"id":0,"name":"string"},"name":"doggie","photoUrls":["string"],"tags":[{"id":0,"name":"string"}],"status":"available"},{"id":9223372036854724236,"category":{"id":0,"name":"string"},"name":"fish","photoUrls":["string"],"tags":[{"id":0,"name":"string"}],"status":"available"},{"id":9223372036854724237,"category":{"id":0,"name":"string"},"name":"fish","photoUrls":["string"],"tags":[{"id":0,"name":"string"}],"status":"available"},{"id":9223372036854724245,"category":{"id":0,"name":"string"},"name":"fish","photoUrls":["string"],"tags":[{"id":0,"name":"string"}],"status":"available"},{"id":9223372036854724246,"category":{"id":0,"name":"string"},"name":"fish","photoUrls":["string"],"tags":[{"id":0,"name":"string"}],"status":"available"},{"id":9223372036854724247,"category":{"id":0,"name":"string"},"name":"fish","photoUrls":["string"],"tags":[{"id":0,"name":"string"}],"status":"available"},{"id":9223372036854724248,"category":{"id":0,"name":"string"},"name":"fish","photoUrls":["string"],"tags":[{"id":0,"name":"string"}],"status":"available"},{"id":9223372036854724249,"category":{"id":0,"name":"string"},"name":"doggie","photoUrls":["string"],"tags":[{"id":0,"name":"string"}],"status":"available"},{"id":9223372036854724250,"category":{"id":0,"name":"string"},"name":"doggie","photoUrls":["string"],"tags":[{"id":0,"name":"string"}],"status":"available"},{"id":9223372036854724251,"category":{"id":0,"name":"string"},"name":"doggie","photoUrls":["string"],"tags":[{"id":0,"name":"string"}],"status":"available"},{"id":9223372036854724252,"category":{"id":0,"name":"string"},"name":"doggie","photoUrls":["string"],"tags":[{"id":0,"name":"string"}],"status":"available"},{"id":9223372036854724253,"category":{"id":0,"name":"string"},"name":"doggie","photoUrls":["string"],"tags":[{"id":0,"name":"string"}],"status":"available"},{"id":9223372036854724254,"category":{"id":0,"name":"string"},"name":"doggie","photoUrls":["string"],"tags":[{"id":0,"name":"string"}],"status":"available"},{"id":9223372036854724257,"category":{"id":0,"name":"string"},"name":"doggie","photoUrls":["string"],"tags":[{"id":0,"name":"string"}],"status":"available"},{"id":9223372036854724258,"category":{"id":0,"name":"string"},"name":"doggie","photoUrls":["string"],"tags":[{"id":0,"name":"string"}],"status":"available"},{"id":9223372036854724259,"category":{"id":0,"name":"string"},"name":"doggie","photoUrls":["string"],"tags":[{"id":0,"name":"string"}],"status":"available"},{"id":9223372036854724260,"category":{"id":0,"name":"string"},"name":"doggie","photoUrls":["string"],"tags":[{"id":0,"name":"string"}],"status":"available"},{"id":9223372036854724261,"category":{"id":0,"name":"string"},"name":"doggie","photoUrls":["string"],"tags":[{"id":0,"name":"string"}],"status":"available"},{"id":9223372036854724262,"category":{"id":0,"name":"string"},"name":"doggie","photoUrls":["string"],"tags":[{"id":0,"name":"string"}],"status":"available"},{"id":9223372036854724263,"category":{"id":0,"name":"string"},"name":"fish","photoUrls":["string"],"tags":[{"id":0,"name":"string"}],"status":"available"},{"id":9223372036854724264,"category":{"id":0,"name":"string"},"name":"doggie","photoUrls":["string"],"tags":[{"id":0,"name":"string"}],"status":"available"},{"id":9223372036854724265,"category":{"id":0,"name":"string"},"name":"doggie","photoUrls":["string"],"tags":[{"id":0,"name":"string"}],"status":"available"},{"id":9223372036854724266,"category":{"id":0,"name":"string"},"name":"doggie","photoUrls":["string"],"tags":[{"id":0,"name":"string"}],"status":"available"},{"id":9223372036854724267,"category":{"id":0,"name":"string"},"name":"fish","photoUrls":["string"],"tags":[{"id":0,"name":"string"}],"status":"available"},{"id":9223372036854724268,"category":{"id":0,"name":"string"},"name":"doggie","photoUrls":["string"],"tags":[{"id":0,"name":"string"}],"status":"available"},{"id":9223372036854724269,"category":{"id":0,"name":"string"},"name":"doggie","photoUrls":["string"],"tags":[{"id":0,"name":"string"}],"status":"available"},{"id":9223372036854724270,"category":{"id":0,"name":"string"},"name":"doggie","photoUrls":["string"],"tags":[{"id":0,"name":"string"}],"status":"available"},{"id":9223372036854724271,"category":{"id":0,"name":"string"},"name":"fish","photoUrls":["string"],"tags":[{"id":0,"name":"string"}],"status":"available"},{"id":9223372036854724272,"category":{"id":0,"name":"string"},"name":"SerbianHusky849","photoUrls":["string"],"tags":[{"id":0,"name":"string"}],"status":"available"},{"id":9223372036854724273,"category":{"id":0,"name":"string"},"name":"fish","photoUrls":["string"],"tags":[{"id":0,"name":"string"}],"status":"available"},{"id":1245,"category":{"id":1245,"name":"xyz"},"name":"xyz","photoUrls":["test"],"tags":[],"status":"available"},{"id":9223372036854724276,"category":{"id":0,"name":"string"},"name":"fish","photoUrls":["string"],"tags":[{"id":0,"name":"string"}],"status":"available"},{"id":9223372036854724279,"category":{"id":0,"name":"string"},"name":"fish","photoUrls":["string"],"tags":[{"id":0,"name":"string"}],"status":"available"},{"id":9223372036854724281,"category":{"id":0,"name":"string"},"name":"fish","photoUrls":["string"],"tags":[{"id":0,"name":"string"}],"status":"available"},{"id":1235,"category":{"id":22,"name":"string"},"name":"doggie","photoUrls":["string"],"tags":[{"id":0,"name":"string"}],"status":"available"},{"id":9223372036854724296,"category":{"id":0,"name":"string"},"name":"fish","photoUrls":["string"],"tags":[{"id":0,"name":"string"}],"status":"available"},{"id":9223372036854724297,"category":{"id":0,"name":"string"},"name":"doggie","photoUrls":["string"],"tags":[{"id":0,"name":"string"}],"status":"available"},{"id":9223372036854724300,"category":{"id":0,"name":"string"},"name":"fish","photoUrls":["string"],"tags":[{"id":0,"name":"string"}],"status":"available"},{"id":9223372036854724307,"category":{"id":1,"name":"Tom"},"name":"doggie","photoUrls":["https://encrypted-tbn0.gstatic.com/images?q=tbn:ANd9GcQR9k9PLirK_eZZadvD7IlEGEN8sWI9hYsv9A&usqp=CAU"],"tags":[{"id":1,"name":"Tom"}],"status":"available"},{"id":9223372036854724334,"category":{"id":1,"name":"Tom"},"name":"doggie","photoUrls":["https://encrypted-tbn0.gstatic.com/images?q=tbn:ANd9GcQR9k9PLirK_eZZadvD7IlEGEN8sWI9hYsv9A&usqp=CAU"],"tags":[{"id":1,"name":"Tom"}],"status":"available"},{"id":9223372036854724335,"category":{"id":0,"name":"string"},"name":"test","photoUrls":["string"],"tags":[{"id":0,"name":"string"}],"status":"available"},{"id":9223372036854724336,"category":{"id":0,"name":"string"},"name":"test","photoUrls":["string"],"tags":[{"id":0,"name":"string"}],"status":"available"},{"id":9223372036854724337,"category":{"id":0,"name":"string"},"name":"test","photoUrls":["string"],"tags":[{"id":0,"name":"string"}],"status":"available"},{"id":9223372036854724338,"category":{"id":0,"name":"string"},"name":"test","photoUrls":["string"],"tags":[{"id":0,"name":"string"}],"status":"available"},{"id":9223372036854724339,"category":{"id":0,"name":"string"},"name":"doggie","photoUrls":["string"],"tags":[{"id":0,"name":"string"}],"status":"available"},{"id":9223372036854724340,"category":{"id":0,"name":"string"},"name":"doggie","photoUrls":["string"],"tags":[{"id":0,"name":"string"}],"status":"available"},{"id":9223372036854724341,"category":{"id":0,"name":"string"},"name":"doggie","photoUrls":["string"],"tags":[{"id":0,"name":"string"}],"status":"available"},{"id":9223372036854724342,"category":{"id":0,"name":"string"},"name":"doggie","photoUrls":["string"],"tags":[{"id":0,"name":"string"}],"status":"available"},{"id":9223372036854724343,"category":{"id":0,"name":"string"},"name":"doggie","photoUrls":["string"],"tags":[{"id":0,"name":"string"}],"status":"available"},{"id":9223372036854724344,"category":{"id":0,"name":"string"},"name":"doggie","photoUrls":["string"],"tags":[{"id":0,"name":"string"}],"status":"available"},{"id":9223372036854724347,"category":{"id":0,"name":"string"},"name":"doggie","photoUrls":["string"],"tags":[{"id":0,"name":"string"}],"status":"available"},{"id":9223372036854724348,"category":{"id":0,"name":"string"},"name":"doggie","photoUrls":["string"],"tags":[{"id":0,"name":"string"}],"status":"available"},{"id":9223372036854724349,"category":{"id":0,"name":"string"},"name":"doggie","photoUrls":["string"],"tags":[{"id":0,"name":"string"}],"status":"available"},{"id":9223372036854724350,"category":{"id":0,"name":"string"},"name":"doggie","photoUrls":["string"],"tags":[{"id":0,"name":"string"}],"status":"available"},{"id":9223372036854724351,"category":{"id":0,"name":"string"},"name":"doggie","photoUrls":["string"],"tags":[{"id":0,"name":"string"}],"status":"available"},{"id":9223372036854724352,"category":{"id":0,"name":"string"},"name":"doggie","photoUrls":["string"],"tags":[{"id":0,"name":"string"}],"status":"available"},{"id":9223372036854724353,"category":{"id":0,"name":"string"},"name":"fish","photoUrls":["string"],"tags":[{"id":0,"name":"string"}],"status":"available"},{"id":9223372036854724355,"category":{"id":0,"name":"string"},"name":"doggie","photoUrls":["string"],"tags":[{"id":0,"name":"string"}],"status":"available"},{"id":9223372036854724356,"category":{"id":0,"name":"string"},"name":"doggie","photoUrls":["string"],"tags":[{"id":0,"name":"string"}],"status":"available"},{"id":9223372036854724357,"category":{"id":0,"name":"string"},"name":"doggie","photoUrls":["string"],"tags":[{"id":0,"name":"string"}],"status":"available"},{"id":9223372036854724358,"category":{"id":0,"name":"string"},"name":"doggie","photoUrls":["string"],"tags":[{"id":0,"name":"string"}],"status":"available"},{"id":9223372036854724359,"category":{"id":0,"name":"string"},"name":"doggie","photoUrls":["string"],"tags":[{"id":0,"name":"string"}],"status":"available"},{"id":9223372036854724361,"category":{"id":0,"name":"string"},"name":"doggie","photoUrls":["string"],"tags":[{"id":0,"name":"string"}],"status":"available"},{"id":9223372036854724371,"category":{"id":0,"name":"string"},"name":"fish","photoUrls":["string"],"tags":[{"id":0,"name":"string"}],"status":"available"},{"id":76,"name":"pet76","photoUrls":["string"],"tags":[],"status":"available"},{"id":22,"name":"pet22","photoUrls":["string"],"tags":[],"status":"available"},{"id":9223372036854725001,"category":{"id":1,"name":"string"},"name":"doggie","photoUrls":["string"],"tags":[{"id":0,"name":"string"}],"status":"available"},{"id":41,"name":"pet41","photoUrls":["string"],"tags":[],"status":"available"},{"id":56,"name":"pet56","photoUrls":["string"],"tags":[],"status":"available"},{"id":70,"name":"pet70","photoUrls":["string"],"tags":[],"status":"available"},{"id":451,"category":{"id":0,"name":"cat"},"name":"Barsik","photoUrls":["string"],"tags":[{"id":0,"name":"string"}],"status":"available"},{"id":9223372036854725037,"category":{"id":0,"name":"string"},"name":"doggie","photoUrls":["string"],"tags":[{"id":0,"name":"string"}],"status":"available"},{"id":9223372036854725040,"category":{"id":0,"name":"string"},"name":"fish","photoUrls":["string"],"tags":[{"id":0,"name":"string"}],"status":"available"},{"id":9223372036854725041,"category":{"id":0,"name":"string"},"name":"fish","photoUrls":["string"],"tags":[{"id":0,"name":"string"}],"status":"available"},{"id":9223372036854725043,"category":{"id":1,"name":"Tom"},"name":"doggie","photoUrls":["https://encrypted-tbn0.gstatic.com/images?q=tbn:ANd9GcQR9k9PLirK_eZZadvD7IlEGEN8sWI9hYsv9A&usqp=CAU"],"tags":[{"id":1,"name":"Tom"}],"status":"available"},{"id":9223372036854725050,"category":{"id":1,"name":"Tom"},"name":"doggie","photoUrls":["https://encrypted-tbn0.gstatic.com/images?q=tbn:ANd9GcQR9k9PLirK_eZZadvD7IlEGEN8sWI9hYsv9A&usqp=CAU"],"tags":[{"id":1,"name":"Tom"}],"status":"available"},{"id":9223372036854725000,"category":{"id":1,"name":"Tom"},"name":"doggie","photoUrls":["https://encrypted-tbn0.gstatic.com/images?q=tbn:ANd9GcQR9k9PLirK_eZZadvD7IlEGEN8sWI9hYsv9A&usqp=CAU"],"tags":[{"id":1,"name":"Tom"}],"status":"available"},{"id":9223372036854725053,"category":{"id":0,"name":"string"},"name":"fish","photoUrls":["string"],"tags":[{"id":0,"name":"string"}],"status":"available"},{"id":9223372036854725054,"category":{"id":0,"name":"string"},"name":"fish","photoUrls":["string"],"tags":[{"id":0,"name":"string"}],"status":"available"},{"id":9223372036854725055,"category":{"id":0,"name":"string"},"name":"fish","photoUrls":["string"],"tags":[{"id":0,"name":"string"}],"status":"available"},{"id":9223372036854725056,"category":{"id":0,"name":"string"},"name":"fish","photoUrls":["string"],"tags":[{"id":0,"name":"string"}],"status":"available"},{"id":9223372036854725057,"category":{"id":0,"name":"string"},"name":"doggie","photoUrls":["string"],"tags":[{"id":0,"name":"string"}],"status":"available"},{"id":9223372036854725058,"category":{"id":0,"name":"string"},"name":"doggie","photoUrls":["string"],"tags":[{"id":0,"name":"string"}],"status":"available"},{"id":9223372036854725059,"category":{"id":0,"name":"string"},"name":"doggie","photoUrls":["string"],"tags":[{"id":0,"name":"string"}],"status":"available"},{"id":9223372036854725060,"category":{"id":0,"name":"string"},"name":"doggie","photoUrls":["string"],"tags":[{"id":0,"name":"string"}],"status":"available"},{"id":9223372036854725061,"category":{"id":0,"name":"string"},"name":"doggie","photoUrls":["string"],"tags":[{"id":0,"name":"string"}],"status":"available"},{"id":9223372036854725062,"category":{"id":0,"name":"string"},"name":"doggie","photoUrls":["string"],"tags":[{"id":0,"name":"string"}],"status":"available"},{"id":9223372036854725063,"category":{"id":0,"name":"string"},"name":"doggie","photoUrls":["string"],"tags":[{"id":0,"name":"string"}],"status":"available"},{"id":9223372036854725064,"category":{"id":0,"name":"string"},"name":"doggie","photoUrls":["string"],"tags":[{"id":0,"name":"string"}],"status":"available"},{"id":9223372036854725065,"category":{"id":0,"name":"string"},"name":"doggie","photoUrls":["string"],"tags":[{"id":0,"name":"string"}],"status":"available"},{"id":9223372036854725066,"category":{"id":0,"name":"string"},"name":"doggie","photoUrls":["string"],"tags":[{"id":0,"name":"string"}],"status":"available"},{"id":9223372036854725067,"category":{"id":0,"name":"string"},"name":"doggie","photoUrls":["string"],"tags":[{"id":0,"name":"string"}],"status":"available"},{"id":9223372036854725068,"category":{"id":0,"name":"string"},"name":"doggie","photoUrls":["string"],"tags":[{"id":0,"name":"string"}],"status":"available"},{"id":9223372036854725069,"category":{"id":0,"name":"string"},"name":"fish","photoUrls":["string"],"tags":[{"id":0,"name":"string"}],"status":"available"},{"id":9223372036854725070,"category":{"id":0,"name":"string"},"name":"doggie","photoUrls":["string"],"tags":[{"id":0,"name":"string"}],"status":"available"},{"id":9223372036854725071,"category":{"id":0,"name":"string"},"name":"doggie","photoUrls":["string"],"tags":[{"id":0,"name":"string"}],"status":"available"},{"id":9223372036854725072,"category":{"id":0,"name":"string"},"name":"doggie","photoUrls":["string"],"tags":[{"id":0,"name":"string"}],"status":"available"},{"id":9223372036854725073,"category":{"id":0,"name":"string"},"name":"doggie","photoUrls":["string"],"tags":[{"id":0,"name":"string"}],"status":"available"},{"id":9223372036854725074,"category":{"id":0,"name":"string"},"name":"doggie","photoUrls":["string"],"tags":[{"id":0,"name":"string"}],"status":"available"},{"id":9223372036854725075,"category":{"id":0,"name":"string"},"name":"doggie","photoUrls":["string"],"tags":[{"id":0,"name":"string"}],"status":"available"},{"id":9223372036854725076,"category":{"id":0,"name":"string"},"name":"fish","photoUrls":["string"],"tags":[{"id":0,"name":"string"}],"status":"available"},{"id":9223372036854725077,"category":{"id":0,"name":"string"},"name":"fish","photoUrls":["string"],"tags":[{"id":0,"name":"string"}],"status":"available"},{"id":9223372036854725078,"category":{"id":0,"name":"string"},"name":"fish","photoUrls":["string"],"tags":[{"id":0,"name":"string"}],"status":"available"},{"id":9223372036854725083,"category":{"id":0,"name":"string"},"name":"fish","photoUrls":["string"],"tags":[{"id":0,"name":"string"}],"status":"available"},{"id":9223372036854725084,"category":{"id":0,"name":"string"},"name":"fish","photoUrls":["string"],"tags":[{"id":0,"name":"string"}],"status":"available"},{"id":9223372036854725085,"category":{"id":0,"name":"string"},"name":"fish","photoUrls":["string"],"tags":[{"id":0,"name":"string"}],"status":"available"},{"id":420,"category":{"id":42,"name":"Chihuahua"},"name":"PasBre","photoUrls":["string"],"tags":[{"id":0,"name":"string"}],"status":"available"},{"id":9223372036854725114,"category":{"id":0,"name":"string"},"name":"fish","photoUrls":["string"],"tags":[{"id":0,"name":"string"}],"status":"available"},{"id":9223372036854725115,"category":{"id":0,"name":"string"},"name":"fish","photoUrls":["string"],"tags":[{"id":0,"name":"string"}],"status":"available"},{"id":20,"category":{"id":1,"name":"dog_category"},"name":"dogname1","photoUrls":["string"],"tags":[{"id":1,"name":"dogname1"}],"status":"available"},{"id":9223372036854725125,"category":{"id":0,"name":"string"},"name":"doggie","photoUrls":["string"],"tags":[{"id":0,"name":"string"}],"status":"available"},{"id":613,"category":{"id":78901,"name":"stringwerttyuhgf"},"name":"Krackens","photoUrls":["string"],"tags":[{"id":0,"name":"string"}],"status":"available"},{"id":61302,"category":{"id":78902,"name":"string"},"name":"scooby","photoUrls":["string"],"tags":[{"id":0,"name":"string"}],"status":"available"},{"id":9223372036854725130,"category":{"id":0,"name":"string"},"name":"doggie","photoUrls":["string"],"tags":[{"id":0,"name":"string"}],"status":"available"},{"id":9223372036854725133,"category":{"id":0,"name":"string"},"name":"doggie","photoUrls":["string"],"tags":[{"id":0,"name":"string"}],"status":"available"},{"id":9223372036854725134,"category":{"id":0,"name":"string"},"name":"doggie","photoUrls":["string"],"tags":[{"id":0,"name":"string"}],"status":"available"},{"id":9223372036854725135,"category":{"id":0,"name":"string"},"name":"doggie","photoUrls":["string"],"tags":[{"id":0,"name":"string"}],"status":"available"},{"id":9223372036854725136,"category":{"id":0,"name":"string"},"name":"doggie","photoUrls":["string"],"tags":[{"id":0,"name":"string"}],"status":"available"},{"id":9223372036854725137,"category":{"id":0,"name":"string"},"name":"doggie","photoUrls":["string"],"tags":[{"id":0,"name":"string"}],"status":"available"},{"id":9223372036854725138,"category":{"id":0,"name":"string"},"name":"doggie","photoUrls":["string"],"tags":[{"id":0,"name":"string"}],"status":"available"},{"id":9223372036854725139,"category":{"id":0,"name":"string"},"name":"doggie","photoUrls":["string"],"tags":[{"id":0,"name":"string"}],"status":"available"},{"id":9223372036854725140,"category":{"id":0,"name":"string"},"name":"doggie","photoUrls":["string"],"tags":[{"id":0,"name":"string"}],"status":"available"},{"id":9223372036854725141,"category":{"id":0,"name":"string"},"name":"doggie","photoUrls":["string"],"tags":[{"id":0,"name":"string"}],"status":"available"},{"id":9223372036854725142,"category":{"id":0,"name":"string"},"name":"doggie","photoUrls":["string"],"tags":[{"id":0,"name":"string"}],"status":"available"},{"id":9223372036854725143,"category":{"id":0,"name":"string"},"name":"doggie","photoUrls":["string"],"tags":[{"id":0,"name":"string"}],"status":"available"},{"id":9223372036854725144,"category":{"id":0,"name":"string"},"name":"doggie","photoUrls":["string"],"tags":[{"id":0,"name":"string"}],"status":"available"},{"id":9223372036854725145,"category":{"id":0,"name":"string"},"name":"doggie","photoUrls":["string"],"tags":[{"id":0,"name":"string"}],"status":"available"},{"id":9223372036854725146,"category":{"id":0,"name":"string"},"name":"doggie","photoUrls":["string"],"tags":[{"id":0,"name":"string"}],"status":"available"},{"id":9223372036854725147,"category":{"id":0,"name":"string"},"name":"doggie","photoUrls":["string"],"tags":[{"id":0,"name":"string"}],"status":"available"},{"id":9223372036854725148,"category":{"id":0,"name":"string"},"name":"doggie","photoUrls":["string"],"tags":[{"id":0,"name":"string"}],"status":"available"},{"id":9223372036854725149,"category":{"id":0,"name":"string"},"name":"doggie","photoUrls":["string"],"tags":[{"id":0,"name":"string"}],"status":"available"},{"id":9223372036854725150,"category":{"id":0,"name":"string"},"name":"doggie","photoUrls":["string"],"tags":[{"id":0,"name":"string"}],"status":"available"},{"id":9223372036854725151,"category":{"id":0,"name":"string"},"name":"doggie","photoUrls":["string"],"tags":[{"id":0,"name":"string"}],"status":"available"},{"id":9223372036854725152,"category":{"id":0,"name":"string"},"name":"doggie","photoUrls":["string"],"tags":[{"id":0,"name":"string"}],"status":"available"},{"id":9223372036854725154,"category":{"id":0,"name":"string"},"name":"fish","photoUrls":["string"],"tags":[{"id":0,"name":"string"}],"status":"available"},{"id":9223372036854725157,"category":{"id":0,"name":"string"},"name":"fish","photoUrls":["string"],"tags":[{"id":0,"name":"string"}],"status":"available"},{"id":9223372036854725158,"category":{"id":-3647201,"name":"aliqua dolore"},"name":"doggie","photoUrls":["commodo id Lorem dolor","laborum anim non sunt"],"tags":[{"id":-70487179,"name":"magna non"},{"id":-97224183,"name":"aliquip enim"}],"status":"available"},{"id":9223372036854725159,"category":{"id":-22028245,"name":"ad labore sunt"},"name":"doggie","photoUrls":["commodo aute veniam","tempor"],"tags":[{"id":47985645,"name":"quis consequat exercitation"},{"id":84422713,"name":"fugiat id"}],"status":"available"},{"id":9223372036854725162,"category":{"id":0,"name":"string"},"name":"morce","photoUrls":["string"],"tags":[{"id":0,"name":"string"}],"status":"available"},{"id":9223372036854725163,"category":{"id":0,"name":"string"},"name":"vlast","photoUrls":["string"],"tags":[{"id":0,"name":"string"}],"status":"available"}]
[INFO ] 2023-01-22 23:33:08.824 [main] BaseClass - Test Passed:checkResponseBody
[INFO ] 2023-01-22 23:33:08.832 [main] BaseClass - Test Started For:checkStatusCode
[INFO ] 2023-01-22 23:33:08.833 [main] BaseClass - ** Checking Status Code **
[INFO ] 2023-01-22 23:33:08.834 [main] BaseClass - Response Status Code ==>200
[INFO ] 2023-01-22 23:33:08.834 [main] BaseClass - Test Passed:checkStatusCode
[INFO ] 2023-01-22 23:33:08.840 [main] BaseClass - Test Started For:checkResponseTime
[INFO ] 2023-01-22 23:33:08.842 [main] BaseClass - ** Checking Response Time **
[INFO ] 2023-01-22 23:33:08.842 [main] BaseClass - Response Time ==>1929
[INFO ] 2023-01-22 23:33:08.843 [main] BaseClass - Test Passed:checkResponseTime
[INFO ] 2023-01-22 23:33:08.849 [main] BaseClass - Test Started For:checkStatusLine
[INFO ] 2023-01-22 23:33:08.850 [main] BaseClass - ** Checking Status Line **
[INFO ] 2023-01-22 23:33:08.850 [main] BaseClass - Response Status Line ==>HTTP/1.1 200 OK
[INFO ] 2023-01-22 23:33:08.851 [main] BaseClass - Test Passed:checkStatusLine
[INFO ] 2023-01-22 23:33:08.855 [main] BaseClass - Test Started For:checkContentType
[INFO ] 2023-01-22 23:33:08.856 [main] BaseClass - ** Checking Content Type **
[INFO ] 2023-01-22 23:33:08.856 [main] BaseClass - Response Content Type ==>application/json
[INFO ] 2023-01-22 23:33:08.857 [main] BaseClass - Test Passed:checkContentType
[INFO ] 2023-01-22 23:33:08.862 [main] BaseClass - Test Started For:checkServer
[INFO ] 2023-01-22 23:33:08.867 [main] BaseClass - ** Checking Server Type **
[INFO ] 2023-01-22 23:33:08.868 [main] BaseClass - Response Server Type ==>Jetty(9.2.9.v20150224)
[INFO ] 2023-01-22 23:33:08.869 [main] BaseClass - Test Passed:checkServer
[INFO ] 2023-01-22 23:33:08.875 [main] BaseClass - Test Started For:GETSoldTest
[INFO ] 2023-01-22 23:33:08.876 [main] BaseClass - ********** Started TC008_GetSoldDetails **************
[INFO ] 2023-01-22 23:33:15.621 [main] BaseClass - Test Passed:GETSoldTest
[INFO ] 2023-01-22 23:33:15.632 [main] BaseClass - Test Started For:checkResponseBody
[INFO ] 2023-01-22 23:33:15.638 [main] BaseClass - ** Checking Response Body **
[INFO ] 2023-01-22 23:33:15.640 [main] BaseClass - Response Body ==>[{"id":9223372036854723328,"category":{"id":48345351,"name":"dolore quis"},"name":"doggie","photoUrls":["deseru","nisi aute do incididunt"],"tags":[{"id":72677302,"name":"in incididunt dolore occaecat"},{"id":-38449077,"name":"adipisicing"}],"status":"sold"},{"id":9223372036854646000,"category":{"id":0,"name":"string"},"name":"Cat","photoUrls":["string"],"tags":[{"id":0,"name":"string"}],"status":"sold"},{"id":9,"category":{"id":0,"name":"cats"},"photoUrls":["string"],"tags":[{"id":0,"name":"string"}],"status":"sold"},{"id":9223372036854725128,"category":{"id":42892111,"name":"dolore laboris exercitation enim"},"name":"doggie","photoUrls":["enim do amet et","in incididunt nulla"],"tags":[{"id":13217034,"name":"Duis in"},{"id":-1050560,"name":"occaecat nulla et Duis"}],"status":"sold"},{"id":9223372036854725129,"category":{"id":-19816953,"name":"officia"},"name":"doggie","photoUrls":["aute do","aliquip"],"tags":[{"id":-7497000,"name":"velit dolore deserunt nostrud"},{"id":61724686,"name":"consequat voluptate pariatur adipisicing aliquip"}],"status":"sold"},{"id":9223372036854725153,"category":{"id":48345351,"name":"dolore quis"},"name":"doggie","photoUrls":["deseru","nisi aute do incididunt"],"tags":[{"id":72677302,"name":"in incididunt dolore occaecat"},{"id":-38449077,"name":"adipisicing"}],"status":"sold"}]
[INFO ] 2023-01-22 23:33:15.727 [main] BaseClass - Test Failed:checkResponseBody
[INFO ] 2023-01-22 23:33:15.767 [main] BaseClass - Test Started For:checkStatusCode
[INFO ] 2023-01-22 23:33:15.768 [main] BaseClass - ** Checking Status Code **
[INFO ] 2023-01-22 23:33:15.768 [main] BaseClass - Response Status Code ==>200
[INFO ] 2023-01-22 23:33:15.768 [main] BaseClass - Test Passed:checkStatusCode
[INFO ] 2023-01-22 23:33:15.773 [main] BaseClass - Test Started For:checkResponseTime
[INFO ] 2023-01-22 23:33:15.775 [main] BaseClass - ** Checking Response Time **
[INFO ] 2023-01-22 23:33:15.775 [main] BaseClass - Response Time ==>1715
[INFO ] 2023-01-22 23:33:15.776 [main] BaseClass - Test Passed:checkResponseTime
[INFO ] 2023-01-22 23:33:15.782 [main] BaseClass - Test Started For:checkStatusLine
[INFO ] 2023-01-22 23:33:15.783 [main] BaseClass - ** Checking Status Line **
[INFO ] 2023-01-22 23:33:15.784 [main] BaseClass - Response Status Line ==>HTTP/1.1 200 OK
[INFO ] 2023-01-22 23:33:15.784 [main] BaseClass - Test Passed:checkStatusLine
[INFO ] 2023-01-22 23:33:15.789 [main] BaseClass - Test Started For:checkContentType
[INFO ] 2023-01-22 23:33:15.791 [main] BaseClass - ** Checking Content Type **
[INFO ] 2023-01-22 23:33:15.791 [main] BaseClass - Response Content Type ==>application/json
[INFO ] 2023-01-22 23:33:15.792 [main] BaseClass - Test Passed:checkContentType
[INFO ] 2023-01-22 23:33:15.797 [main] BaseClass - Test Started For:checkServer
[INFO ] 2023-01-22 23:33:15.798 [main] BaseClass - ** Checking Server Type **
[INFO ] 2023-01-22 23:33:15.799 [main] BaseClass - Response Server Type ==>Jetty(9.2.9.v20150224)
[INFO ] 2023-01-22 23:33:15.799 [main] BaseClass - Test Passed:checkServer
[INFO ] 2023-01-22 23:33:15.802 [main] BaseClass - Test Completed For The Given Features
